<?xml version="1.0" encoding="UTF-8"?>
<!-- Generated by org.testng.reporters.JUnitReportReporter -->
<testsuite hostname="DESKTOP-JVCVDMO" failures="0" tests="1" name="practice.pom.repository.SampleTestWithPOM" time="35.211" errors="0" timestamp="2025-06-26T15:20:08 IST" skipped="0">
  <testcase classname="practice.pom.repository.SampleTestWithPOM" name="test" time="35.211"/>
</testsuite> <!-- practice.pom.repository.SampleTestWithPOM -->
