<?xml version="1.0" encoding="UTF-8"?>
<!-- Generated by org.testng.reporters.JUnitReportReporter -->
<testsuite hostname="DESKTOP-JVCVDMO" failures="0" tests="1" name="practice.tstNG.SampleTest" time="0.015" errors="0" timestamp="2025-06-30T14:48:59 IST" skipped="0">
  <testcase classname="practice.tstNG.SampleTest" name="createContactTest" time="0.015"/>
</testsuite> <!-- practice.tstNG.SampleTest -->
