<?xml version="1.0" encoding="UTF-8"?>
<!-- Generated by org.testng.reporters.JUnitReportReporter -->
<testsuite hostname="DESKTOP-JVCVDMO" failures="0" tests="3" name="practice.tstNG.SampleForDependsOnMetods" time="0.013" errors="0" timestamp="2025-06-30T15:08:04 IST" skipped="0">
  <testcase classname="practice.tstNG.SampleForDependsOnMetods" name="CreateContactTest" time="0.011"/>
  <testcase classname="practice.tstNG.SampleForDependsOnMetods" name="EditContactTest" time="0.001"/>
  <testcase classname="practice.tstNG.SampleForDependsOnMetods" name="DeleteContactTest" time="0.001"/>
</testsuite> <!-- practice.tstNG.SampleForDependsOnMetods -->
