<?xml version="1.0" encoding="UTF-8"?>
<!-- Generated by org.testng.reporters.JUnitReportReporter -->
<testsuite hostname="DESKTOP-JVCVDMO" failures="0" tests="11" name="practice.tstNG.SampleForInvocationCountTest" time="0.022" errors="0" timestamp="2025-06-30T15:07:10 IST" skipped="1">
  <testcase classname="practice.tstNG.SampleForInvocationCountTest" name="orderTest" time="0.002"/>
  <testcase classname="practice.tstNG.SampleForInvocationCountTest" name="orderTest" time="0.002"/>
  <testcase classname="practice.tstNG.SampleForInvocationCountTest" name="orderTest" time="0.002"/>
  <testcase classname="practice.tstNG.SampleForInvocationCountTest" name="orderTest" time="0.001"/>
  <testcase classname="practice.tstNG.SampleForInvocationCountTest" name="orderTest" time="0.010"/>
  <testcase classname="practice.tstNG.SampleForInvocationCountTest" name="orderTest" time="0.001"/>
  <testcase classname="practice.tstNG.SampleForInvocationCountTest" name="orderTest" time="0.001"/>
  <testcase classname="practice.tstNG.SampleForInvocationCountTest" name="orderTest" time="0.001"/>
  <testcase classname="practice.tstNG.SampleForInvocationCountTest" name="orderTest" time="0.001"/>
  <testcase classname="practice.tstNG.SampleForInvocationCountTest" name="orderTest" time="0.001"/>
  <testcase classname="practice.tstNG.SampleForInvocationCountTest" name="billingOrderTest">
    <skipped/>
  </testcase> <!-- billingOrderTest -->
</testsuite> <!-- practice.tstNG.SampleForInvocationCountTest -->
