<?xml version="1.0" encoding="UTF-8"?>
<!-- Generated by org.testng.reporters.JUnitReportReporter -->
<testsuite hostname="DESKTOP-JVCVDMO" failures="0" tests="3" name="practice.tstNG.SampleTestUsingPriority" time="0.010" errors="0" timestamp="2025-06-30T15:08:37 IST" skipped="0">
  <testcase classname="practice.tstNG.SampleTestUsingPriority" name="CreateContactTest" time="0.008"/>
  <testcase classname="practice.tstNG.SampleTestUsingPriority" name="EditContactTest" time="0.001"/>
  <testcase classname="practice.tstNG.SampleTestUsingPriority" name="DeleteContactTest" time="0.001"/>
</testsuite> <!-- practice.tstNG.SampleTestUsingPriority -->
