<?xml version="1.0" encoding="UTF-8"?>
<!-- Generated by org.testng.reporters.JUnitReportReporter -->
<testsuite hostname="DESKTOP-JVCVDMO" failures="0" tests="1" name="datadriventesting.ReadRunTimeMavenParameterTest" time="0.004" errors="0" timestamp="2025-06-17T14:59:00 IST" skipped="0">
  <testcase classname="datadriventesting.ReadRunTimeMavenParameterTest" name="runtimeParameterTest" time="0.004"/>
</testsuite> <!-- datadriventesting.ReadRunTimeMavenParameterTest -->
