<?xml version="1.0" encoding="UTF-8"?>
<!-- Generated by org.testng.reporters.JUnitReportReporter -->
<testsuite hostname="DESKTOP-JVCVDMO" failures="0" tests="1" name="datadriventesting.SeleniumTestReadDataFromRunTime" time="8.261" errors="0" timestamp="2025-06-17T15:15:46 IST" skipped="0">
  <testcase classname="datadriventesting.SeleniumTestReadDataFromRunTime" name="createOrgTest" time="8.261"/>
</testsuite> <!-- datadriventesting.SeleniumTestReadDataFromRunTime -->
