<?xml version="1.0" encoding="UTF-8"?>
<!-- Generated by org.testng.reporters.JUnitReportReporter -->
<testsuite hostname="DESKTOP-JVCVDMO" failures="0" tests="1" name="datadriventesting.ReadRunTimeMavenParameterTest" time="0.016" errors="0" timestamp="2025-06-24T21:27:24 IST" skipped="0">
  <testcase classname="datadriventesting.ReadRunTimeMavenParameterTest" name="runtimeParameterTest" time="0.016"/>
</testsuite> <!-- datadriventesting.ReadRunTimeMavenParameterTest -->
