<?xml version="1.0" encoding="UTF-8"?>
<!-- Generated by org.testng.reporters.JUnitReportReporter -->
<testsuite hostname="DESKTOP-JVCVDMO" failures="0" tests="1" name="datadriventesting.ReadDataFromTestNgXmlTest" time="0.021" errors="0" timestamp="2025-06-24T21:27:00 IST" skipped="0">
  <testcase classname="datadriventesting.ReadDataFromTestNgXmlTest" name="sampleTest" time="0.021"/>
</testsuite> <!-- datadriventesting.ReadDataFromTestNgXmlTest -->
