<?xml version="1.0" encoding="UTF-8"?>
<!-- Generated by org.testng.reporters.JUnitReportReporter -->
<testsuite hostname="DESKTOP-JVCVDMO" failures="0" tests="1" name="datadriventesting.DatabaseusingAssertTest" time="1.192" errors="0" timestamp="2025-06-24T21:24:41 IST" skipped="0">
  <testcase classname="datadriventesting.DatabaseusingAssertTest" name="projectCheckTest" time="1.192"/>
</testsuite> <!-- datadriventesting.DatabaseusingAssertTest -->
