<?xml version="1.0" encoding="UTF-8"?>
<!-- Generated by org.testng.reporters.JUnitReportReporter -->
<testsuite hostname="DESKTOP-JVCVDMO" failures="0" tests="1" name="com.crm.comcast.leadTest.CreateLeadTest" time="9.720" errors="0" timestamp="2025-07-02T16:22:40 IST" skipped="0">
  <testcase classname="com.crm.comcast.leadTest.CreateLeadTest" name="createLeadTest" time="9.720"/>
</testsuite> <!-- com.crm.comcast.leadTest.CreateLeadTest -->
