<?xml version="1.0" encoding="UTF-8"?>
<!-- Generated by org.testng.reporters.JUnitReportReporter -->
<testsuite hostname="DESKTOP-JVCVDMO" failures="0" tests="3" name="practiceTestNG.SampleForTestNGTest" time="0.020" errors="0" timestamp="2025-07-01T16:32:59 IST" skipped="0">
  <testcase classname="practiceTestNG.SampleForTestNGTest" name="deleteContact" time="0.002"/>
  <testcase classname="practiceTestNG.SampleForTestNGTest" name="deleteContact" time="0.002"/>
  <testcase classname="practiceTestNG.SampleForTestNGTest" name="Editcreate" time="0.016"/>
</testsuite> <!-- practiceTestNG.SampleForTestNGTest -->
