<?xml version="1.0" encoding="UTF-8"?>
<!-- Generated by org.testng.reporters.JUnitReportReporter -->
<testsuite hostname="DESKTOP-JVCVDMO" failures="0" tests="1" name="practiceTestNG.DataProviderFromAmazon" time="7.020" errors="0" timestamp="2025-07-02T16:10:49 IST" skipped="0">
  <testcase classname="practiceTestNG.DataProviderFromAmazon" name="getProductInfoTest" time="7.020"/>
</testsuite> <!-- practiceTestNG.DataProviderFromAmazon -->
