<?xml version="1.0" encoding="UTF-8"?>
<!-- Generated by org.testng.reporters.JUnitReportReporter -->
<testsuite hostname="DESKTOP-JVCVDMO" failures="0" tests="3" name="practiceTestNG.DataProvider" time="0.012" errors="0" timestamp="2025-07-02T15:52:43 IST" skipped="0">
  <testcase classname="practiceTestNG.DataProvider" name="Create" time="0.001"/>
  <testcase classname="practiceTestNG.DataProvider" name="Create" time="0.001"/>
  <testcase classname="practiceTestNG.DataProvider" name="Create" time="0.010"/>
</testsuite> <!-- practiceTestNG.DataProvider -->
