<?xml version="1.0" encoding="UTF-8"?>
<!-- Generated by org.testng.reporters.JUnitReportReporter -->
<testsuite hostname="DESKTOP-JVCVDMO" failures="0" tests="3" name="com.crm.comcast.orgTest.CreateOrgTest" time="28.245" errors="0" timestamp="2025-07-02T16:22:40 IST" skipped="0">
  <testcase classname="com.crm.comcast.orgTest.CreateOrgTest" name="createOrganizationTest" time="10.567"/>
  <testcase classname="com.crm.comcast.orgTest.CreateOrgTest" name="createOrganizationWithPhoneNumber" time="7.210"/>
  <testcase classname="com.crm.comcast.orgTest.CreateOrgTest" name="createOrganizationWithIndustry" time="10.468"/>
</testsuite> <!-- com.crm.comcast.orgTest.CreateOrgTest -->
