<?xml version="1.0" encoding="UTF-8"?>
<!-- Generated by org.testng.reporters.JUnitReportReporter -->
<testsuite hostname="DESKTOP-JVCVDMO" failures="0" tests="3" name="com.crm.comcast.productTest.CreateProductTest" time="27.446" errors="0" timestamp="2025-07-02T16:22:40 IST" skipped="0">
  <testcase classname="com.crm.comcast.productTest.CreateProductTest" name="createProductTest" time="9.003"/>
  <testcase classname="com.crm.comcast.productTest.CreateProductTest" name="createProductWithCategoryTest" time="7.697"/>
  <testcase classname="com.crm.comcast.productTest.CreateProductTest" name="createProductWithCategoryAndManufTest" time="10.746"/>
</testsuite> <!-- com.crm.comcast.productTest.CreateProductTest -->
