<?xml version="1.0" encoding="UTF-8"?>
<!-- Generated by org.testng.reporters.JUnitReportReporter -->
<testsuite hostname="DESKTOP-JVCVDMO" failures="0" tests="3" name="com.crm.comcast.contactTest.CreateContactPageTest" time="42.154" errors="0" timestamp="2025-07-02T16:22:40 IST" skipped="0">
  <testcase classname="com.crm.comcast.contactTest.CreateContactPageTest" name="createContactWithOrgTest" time="25.530"/>
  <testcase classname="com.crm.comcast.contactTest.CreateContactPageTest" name="createContactTest" time="9.516"/>
  <testcase classname="com.crm.comcast.contactTest.CreateContactPageTest" name="createContactWithSupportDateTest" time="7.108"/>
</testsuite> <!-- com.crm.comcast.contactTest.CreateContactPageTest -->
