<?xml version="1.0" encoding="UTF-8"?>
<!-- Generated by org.testng.reporters.JUnitReportReporter -->
<testsuite hostname="DESKTOP-JVCVDMO" failures="0" tests="3" name="com.crm.comcast.contactTest.CreateContactPageTest" time="43.297" errors="0" timestamp="2025-07-16T13:20:09 IST" skipped="0">
  <testcase classname="com.crm.comcast.contactTest.CreateContactPageTest" name="createContactWithOrgTest" time="25.150"/>
  <testcase classname="com.crm.comcast.contactTest.CreateContactPageTest" name="createContactTest" time="9.675"/>
  <testcase classname="com.crm.comcast.contactTest.CreateContactPageTest" name="createContactWithSupportDateTest" time="8.472"/>
</testsuite> <!-- com.crm.comcast.contactTest.CreateContactPageTest -->
