<?xml version="1.0" encoding="UTF-8"?>
<!-- Generated by org.testng.reporters.JUnitReportReporter -->
<testsuite hostname="DESKTOP-JVCVDMO" failures="0" tests="3" name="com.crm.comcast.productTest.CreateProductTest" time="27.248" errors="0" timestamp="2025-07-16T13:20:09 IST" skipped="0">
  <testcase classname="com.crm.comcast.productTest.CreateProductTest" name="createProductWithCategoryTest" time="7.062"/>
  <testcase classname="com.crm.comcast.productTest.CreateProductTest" name="createProductWithCategoryAndManufTest" time="11.628"/>
  <testcase classname="com.crm.comcast.productTest.CreateProductTest" name="createProductTest" time="8.558"/>
</testsuite> <!-- com.crm.comcast.productTest.CreateProductTest -->
