<?xml version="1.0" encoding="UTF-8"?>
<!-- Generated by org.testng.reporters.JUnitReportReporter -->
<testsuite hostname="DESKTOP-JVCVDMO" failures="0" tests="3" name="com.crm.comcast.orgTest.CreateOrgTest" time="65.831" errors="0" timestamp="2025-07-16T13:20:09 IST" skipped="0">
  <testcase classname="com.crm.comcast.orgTest.CreateOrgTest" name="createOrganizationTest" time="46.571"/>
  <testcase classname="com.crm.comcast.orgTest.CreateOrgTest" name="createOrganizationWithPhoneNumber" time="7.275"/>
  <testcase classname="com.crm.comcast.orgTest.CreateOrgTest" name="createOrganizationWithIndustry" time="11.985"/>
</testsuite> <!-- com.crm.comcast.orgTest.CreateOrgTest -->
